<?xml version="1.0" encoding="utf-8"?><testsuites name="pytest tests"><testsuite name="pytest" errors="0" failures="0" skipped="0" tests="27" time="5.279" timestamp="2026-07-13T16:39:44.473887+00:00" hostname="agent-env-53e91919-655a-48f1-a91a-0c39d5941575"><testcase classname="tests.backend_test.TestAuth" name="test_health" time="0.198" /><testcase classname="tests.backend_test.TestAuth" name="test_signup" time="0.294" /><testcase classname="tests.backend_test.TestAuth" name="test_signup_duplicate_returns_409" time="0.070" /><testcase classname="tests.backend_test.TestAuth" name="test_login" time="0.280" /><testcase classname="tests.backend_test.TestAuth" name="test_login_bad_password" time="0.304" /><testcase classname="tests.backend_test.TestAuth" name="test_me" time="0.053" /><testcase classname="tests.backend_test.TestAuth" name="test_me_no_token" time="0.053" /><testcase classname="tests.backend_test.TestStories" name="test_list" time="0.193" /><testcase classname="tests.backend_test.TestStories" name="test_flagship_detail" time="0.056" /><testcase classname="tests.backend_test.TestStories" name="test_missing_story" time="0.054" /><testcase classname="tests.backend_test.TestAvatar" name="test_catalog" time="0.077" /><testcase classname="tests.backend_test.TestAvatar" name="test_set_config" time="0.108" /><testcase classname="tests.backend_test.TestAvatar" name="test_buy_item_and_insufficient" time="0.161" /><testcase classname="tests.backend_test.TestProgress" name="test_free_choice" time="0.125" /><testcase classname="tests.backend_test.TestProgress" name="test_premium_choice_deducts" time="0.266" /><testcase classname="tests.backend_test.TestProgress" name="test_premium_402_when_insufficient" time="0.552" /><testcase classname="tests.backend_test.TestChapters" name="test_unlock_free_chapters" time="0.172" /><testcase classname="tests.backend_test.TestChapters" name="test_unlock_ch3_needs_previous_complete" time="0.330" /><testcase classname="tests.backend_test.TestChapters" name="test_complete_chapter" time="0.060" /><testcase classname="tests.backend_test.TestChapters" name="test_unlock_ch3_still_locked_after_complete" time="0.060" /><testcase classname="tests.backend_test.TestChapters" name="test_skip_timer" time="0.173" /><testcase classname="tests.backend_test.TestChapters" name="test_skip_timer_insufficient" time="0.564" /><testcase classname="tests.backend_test.TestGems" name="test_packs" time="0.053" /><testcase classname="tests.backend_test.TestGems" name="test_daily_claim_and_dup_429" time="0.382" /><testcase classname="tests.backend_test.TestGems" name="test_buy_mock_popular" time="0.385" /><testcase classname="tests.backend_test.TestEndings" name="test_record" time="0.112" /><testcase classname="tests.backend_test.TestAnalytics" name="test_analytics_no_auth" time="0.056" /></testsuite></testsuites>