<?xml version="1.0" encoding="utf-8"?><testsuites name="pytest tests"><testsuite name="pytest" errors="0" failures="0" skipped="0" tests="13" time="1.555" timestamp="2026-07-14T07:35:19.531310+00:00" hostname="agent-env-53e91919-655a-48f1-a91a-0c39d5941575"><testcase classname="backend.tests.test_iter6_phaseB_identity.TestIdentity" name="test_get_identity_returns_shape" time="0.544" /><testcase classname="backend.tests.test_iter6_phaseB_identity.TestIdentity" name="test_post_identity_updates_and_fires_analytics" time="0.112" /><testcase classname="backend.tests.test_iter6_phaseB_identity.TestIdentity" name="test_reset_identity_to_female_men" time="0.053" /><testcase classname="backend.tests.test_iter6_phaseB_identity.TestStoryCast" name="test_cast_female_men_yields_masc_rian" time="0.110" /><testcase classname="backend.tests.test_iter6_phaseB_identity.TestStoryCast" name="test_cast_is_idempotent" time="0.058" /><testcase classname="backend.tests.test_iter6_phaseB_identity.TestStoryCast" name="test_cast_female_women_yields_femme_rian" time="0.165" /><testcase classname="backend.tests.test_iter6_phaseB_identity.TestStoryCast" name="test_cast_override_wins_and_fires_source_override" time="0.056" /><testcase classname="backend.tests.test_iter6_phaseB_identity.TestEndingsRecordAnalytics" name="test_record_ending_inserts_story_complete_event" time="0.059" /><testcase classname="backend.tests.test_iter6_phaseB_identity.TestAdmin" name="test_no_header_returns_401" time="0.053" /><testcase classname="backend.tests.test_iter6_phaseB_identity.TestAdmin" name="test_list_stories_with_admin_header" time="0.054" /><testcase classname="backend.tests.test_iter6_phaseB_identity.TestAdmin" name="test_validate_falling_for_the_enigma" time="0.054" /><testcase classname="backend.tests.test_iter6_phaseB_identity.TestAdmin" name="test_preview_female_femme_yields_she" time="0.058" /><testcase classname="backend.tests.test_iter6_phaseB_identity.TestAdmin" name="test_preview_female_masc_yields_he" time="0.056" /></testsuite></testsuites>