<?xml version="1.0" encoding="utf-8"?><testsuites name="pytest tests"><testsuite name="pytest" errors="0" failures="0" skipped="0" tests="11" time="9.429" timestamp="2026-07-13T18:38:54.822267+00:00" hostname="agent-env-53e91919-655a-48f1-a91a-0c39d5941575"><testcase classname="backend.tests.test_new_features.TestGemPacksCurrency" name="test_inr" time="0.315" /><testcase classname="backend.tests.test_new_features.TestGemPacksCurrency" name="test_usd" time="0.054" /><testcase classname="backend.tests.test_new_features.TestGemPacksCurrency" name="test_unknown_falls_back_to_usd" time="0.047" /><testcase classname="backend.tests.test_new_features.TestGemPacksCurrency" name="test_supported_currencies_listed" time="0.052" /><testcase classname="backend.tests.test_new_features.TestAvatarPresets" name="test_presets_list" time="0.051" /><testcase classname="backend.tests.test_new_features.TestAvatarPresets" name="test_preset_image_served" time="0.107" /><testcase classname="backend.tests.test_new_features.TestAvatarPresets" name="test_set_preset" time="0.396" /><testcase classname="backend.tests.test_new_features.TestAvatarPresets" name="test_set_preset_unknown_404" time="0.055" /><testcase classname="backend.tests.test_new_features.TestStoryChat" name="test_chat_with_rian" time="3.170" /><testcase classname="backend.tests.test_new_features.TestStoryChat" name="test_chat_unknown_character" time="0.059" /><testcase classname="backend.tests.test_new_features.TestStoryChat" name="test_chat_rate_limit_403_on_5th" time="5.011" /></testsuite></testsuites>