<?xml version="1.0" encoding="utf-8"?><testsuites name="pytest tests"><testsuite name="pytest" errors="0" failures="0" skipped="0" tests="3" time="0.474" timestamp="2026-07-13T18:48:42.872666+00:00" hostname="agent-env-53e91919-655a-48f1-a91a-0c39d5941575"><testcase classname="backend.tests.test_auth_error_normalization" name="test_signup_invalid_email_returns_422_with_list_detail" time="0.199" /><testcase classname="backend.tests.test_auth_error_normalization" name="test_login_wrong_creds_returns_string_detail" time="0.120" /><testcase classname="backend.tests.test_auth_error_normalization" name="test_signup_short_password_returns_string_detail" time="0.102" /></testsuite></testsuites>