<?xml version="1.0" encoding="utf-8"?><testsuites name="pytest tests"><testsuite name="pytest" errors="0" failures="0" skipped="0" tests="15" time="1.290" timestamp="2026-07-14T07:00:17.809445+00:00" hostname="agent-env-53e91919-655a-48f1-a91a-0c39d5941575"><testcase classname="backend.tests.test_iter5_v11_phaseA.TestStoryCatalog" name="test_exactly_32_stories" time="0.178" /><testcase classname="backend.tests.test_iter5_v11_phaseA.TestStoryCatalog" name="test_includes_required_ids" time="0.000" /><testcase classname="backend.tests.test_iter5_v11_phaseA.TestStoryCatalog" name="test_legacy_ids_absent" time="0.000" /><testcase classname="backend.tests.test_iter5_v11_phaseA.TestStoryCatalog" name="test_every_story_has_int_seedReads_gt_zero" time="0.000" /><testcase classname="backend.tests.test_iter5_v11_phaseA.TestStoryCatalog" name="test_flagship_seedReads_gt_1000" time="0.000" /><testcase classname="backend.tests.test_iter5_v11_phaseA.TestStoryCatalog" name="test_every_story_has_coverUrl" time="0.000" /><testcase classname="backend.tests.test_iter5_v11_phaseA.TestStoryCatalog" name="test_cover_url_200[burn_notice]" time="0.158" /><testcase classname="backend.tests.test_iter5_v11_phaseA.TestStoryCatalog" name="test_cover_url_200[s01]" time="0.073" /><testcase classname="backend.tests.test_iter5_v11_phaseA.TestStoryCatalog" name="test_cover_url_200[s10]" time="0.067" /><testcase classname="backend.tests.test_iter5_v11_phaseA.TestStoryCatalog" name="test_cover_url_200[s13]" time="0.073" /><testcase classname="backend.tests.test_iter5_v11_phaseA.TestStoryCatalog" name="test_cover_url_200[s20]" time="0.065" /><testcase classname="backend.tests.test_iter5_v11_phaseA.TestStoryCatalog" name="test_cover_url_200[s30]" time="0.059" /><testcase classname="backend.tests.test_iter5_v11_phaseA.TestEndingRecord" name="test_record_burn_notice_burn_burn" time="0.339" /><testcase classname="backend.tests.test_iter5_v11_phaseA.TestEndingShare" name="test_share_increments_and_analytics_event" time="0.111" /><testcase classname="backend.tests.test_iter5_v11_phaseA.TestAnalyticsShareCardShared" name="test_share_card_shared_accepted" time="0.056" /></testsuite></testsuites>