<?xml version="1.0" encoding="utf-8"?><testsuites name="pytest tests"><testsuite name="pytest" errors="0" failures="0" skipped="0" tests="9" time="4.803" timestamp="2026-07-13T20:02:22.882390+00:00" hostname="agent-env-53e91919-655a-48f1-a91a-0c39d5941575"><testcase classname="backend.tests.test_iter4_catalog_share.TestCatalogMerge" name="test_stories_list_contains_catalog" time="0.344" /><testcase classname="backend.tests.test_iter4_catalog_share.TestCatalogMerge" name="test_burn_notice_cover_url_and_reachable" time="0.259" /><testcase classname="backend.tests.test_iter4_catalog_share.TestCatalogMerge" name="test_s01_s30_have_three_endings_and_coming_soon" time="2.327" /><testcase classname="backend.tests.test_iter4_catalog_share.TestEndingRecord" name="test_record_burn_notice_burn_burn" time="0.384" /><testcase classname="backend.tests.test_iter4_catalog_share.TestEndingRecord" name="test_me_reflects_ownership_and_unlock_times" time="0.097" /><testcase classname="backend.tests.test_iter4_catalog_share.TestEndingShareAndAnalytics" name="test_share_increments_and_analytics_row" time="0.467" /><testcase classname="backend.tests.test_iter4_catalog_share.TestAnalyticsEndpoint" name="test_analytics_no_auth_ok" time="0.083" /><testcase classname="backend.tests.test_iter4_catalog_share.TestAnalyticsEndpoint" name="test_analytics_with_auth" time="0.069" /><testcase classname="backend.tests.test_iter4_catalog_share.TestChapterAndChoiceSmoke" name="test_choice_free_and_complete_flow" time="0.705" /></testsuite></testsuites>